{"C:\\ProjectWorkSpace\\NewDesignProject\\app\\assets\\icons\\minus.png": {"path":"C:\\ProjectWorkSpace\\NewDesignProject\\app\\assets\\icons\\minus.png","statementMap":{"0":{"start":{"line":1,"column":0},"end":{"line":4,"column":6}}},"fnMap":{},"branchMap":{},"s":{"0":1},"f":{},"b":{},"inputSourceMap":null,"_coverageSchema":"1a1c01bbd47fc00a2c39e90264f33305004495a9","hash":"d032d210adb6fa3562dbe3cfde03d13951c722f2"}
,"C:\\ProjectWorkSpace\\NewDesignProject\\app\\assets\\icons\\plus.png": {"path":"C:\\ProjectWorkSpace\\NewDesignProject\\app\\assets\\icons\\plus.png","statementMap":{"0":{"start":{"line":1,"column":0},"end":{"line":4,"column":6}}},"fnMap":{},"branchMap":{},"s":{"0":1},"f":{},"b":{},"inputSourceMap":null,"_coverageSchema":"1a1c01bbd47fc00a2c39e90264f33305004495a9","hash":"56c98280d7bb4aa4f258499aff8836c9fd2d744e"}
,"C:\\ProjectWorkSpace\\NewDesignProject\\app\\customComponents\\AddMinusButton.tsx": {"path":"C:\\ProjectWorkSpace\\NewDesignProject\\app\\customComponents\\AddMinusButton.tsx","statementMap":{"0":{"start":{"line":5,"column":23},"end":{"line":67,"column":1}},"1":{"start":{"line":6,"column":2},"end":{"line":66,"column":4}}},"fnMap":{"0":{"name":"(anonymous_0)","decl":{"start":{"line":5,"column":23},"end":{"line":5,"column":24}},"loc":{"start":{"line":5,"column":72},"end":{"line":67,"column":1}},"line":5}},"branchMap":{"0":{"loc":{"start":{"line":5,"column":41},"end":{"line":5,"column":50}},"type":"default-arg","locations":[{"start":{"line":5,"column":49},"end":{"line":5,"column":50}}],"line":5},"1":{"loc":{"start":{"line":30,"column":22},"end":{"line":30,"column":51}},"type":"cond-expr","locations":[{"start":{"line":30,"column":30},"end":{"line":30,"column":39}},{"start":{"line":30,"column":42},"end":{"line":30,"column":51}}],"line":30}},"s":{"0":1,"1":1},"f":{"0":1},"b":{"0":[0],"1":[0,1]},"_coverageSchema":"1a1c01bbd47fc00a2c39e90264f33305004495a9","hash":"055cbf0085eb531d02a3612754eae0bf62aec204"}
,"C:\\ProjectWorkSpace\\NewDesignProject\\app\\customComponents\\TextIconButton.tsx": {"path":"C:\\ProjectWorkSpace\\NewDesignProject\\app\\customComponents\\TextIconButton.tsx","statementMap":{"0":{"start":{"line":9,"column":21},"end":{"line":37,"column":1}},"1":{"start":{"line":10,"column":4},"end":{"line":36,"column":5}}},"fnMap":{"0":{"name":"(anonymous_0)","decl":{"start":{"line":9,"column":21},"end":{"line":9,"column":22}},"loc":{"start":{"line":9,"column":81},"end":{"line":37,"column":1}},"line":9}},"branchMap":{},"s":{"0":1,"1":2},"f":{"0":2},"b":{},"_coverageSchema":"1a1c01bbd47fc00a2c39e90264f33305004495a9","hash":"d53306920b128342632a144fd9c397fca5bdbc21"}
}
