TN:
SF:app\assets\icons\minus.png
FNF:0
FNH:0
DA:1,1
LF:1
LH:1
BRF:0
BRH:0
end_of_record
TN:
SF:app\assets\icons\plus.png
FNF:0
FNH:0
DA:1,1
LF:1
LH:1
BRF:0
BRH:0
end_of_record
TN:
SF:app\customComponents\AddMinusButton.tsx
FN:5,(anonymous_0)
FNF:1
FNH:1
FNDA:1,(anonymous_0)
DA:5,1
DA:6,1
LF:2
LH:2
BRDA:5,0,0,0
BRDA:30,1,0,0
BRDA:30,1,1,1
BRF:3
BRH:1
end_of_record
TN:
SF:app\customComponents\TextIconButton.tsx
FN:9,(anonymous_0)
FNF:1
FNH:1
FNDA:2,(anonymous_0)
DA:9,1
DA:10,2
LF:2
LH:2
BRF:0
BRH:0
end_of_record
